<?xml version="1.0" encoding="UTF-8"?>
<!-- Generated by org.testng.reporters.JUnitReportReporter -->
<testsuite skipped="0" hostname="studentapp" name="example.ReadDataFromProperty" tests="1" failures="0" timestamp="31 Jul 2020 05:40:21 GMT" time="0.049" errors="0">
  <testcase name="createConatct" time="0.049" classname="example.ReadDataFromProperty"/>
</testsuite> <!-- example.ReadDataFromProperty -->
