<?xml version="1.0" encoding="UTF-8"?>
<!-- Generated by org.testng.reporters.JUnitReportReporter -->
<testsuite skipped="0" hostname="studentapp" name="example.ExecuteSelectQuery" tests="1" failures="0" timestamp="31 Jul 2020 06:31:11 GMT" time="0.612" errors="0">
  <testcase name="createConatct" time="0.612" classname="example.ExecuteSelectQuery"/>
</testsuite> <!-- example.ExecuteSelectQuery -->
